<?xml version="1.0" encoding="UTF-8"?>
<!-- Generated by org.testng.reporters.JUnitXMLReporter -->
<testsuite ignored="1" hostname="DESKTOP-FR6LSOP" failures="0" tests="1" name="My first Test " time="0.131" errors="0" timestamp="2025-05-08T17:51:38 IST">
  <testcase classname="TestNgAnnotation.TestFirstAnnotaion" name="TestPage" time="0.029"/>
  <testcase classname="TestNgAnnotation.TestFirstAnnotaion" name="TestLogo" time="0.0">
    <ignored/>
  </testcase> <!-- TestLogo -->
</testsuite> <!-- My first Test  -->
