<?xml version="1.0" encoding="UTF-8"?>
<!-- Generated by org.testng.reporters.JUnitXMLReporter -->
<testsuite ignored="0" hostname="DESKTOP-FR6LSOP" failures="1" tests="3" name="listeners_test" time="17.075" errors="0" timestamp="2025-05-10T10:45:36 IST">
  <testcase classname="Listners.ListnerDemo1" name="LoginFun" time="11.666"/>
  <testcase classname="Listners.ListnerDemo1" name="CheckTitle" time="1.316">
    <failure type="junit.framework.ComparisonFailure" message="expected:&amp;lt;...HR...&amp;gt; but was:&amp;lt;......&amp;gt;">
      <![CDATA[junit.framework.ComparisonFailure: expected:<...HR...> but was:<......>
at junit.framework.Assert.assertEquals(Assert.java:81)
at junit.framework.Assert.assertEquals(Assert.java:87)
at Listners.ListnerDemo1.CheckTitle(ListnerDemo1.java:41)
at java.base/java.util.ArrayList.forEach(ArrayList.java:1597)
... Removed 25 stack frames]]>
    </failure>
  </testcase> <!-- CheckTitle -->
  <testcase classname="Listners.ListnerDemo1" name="checkURL" time="0.003">
    <skipped/>
  </testcase> <!-- checkURL -->
</testsuite> <!-- listeners_test -->
